{"asctime": "2025-04-21 00:28:24,152", "levelname": "INFO", "name": "app", "message": "Database tables created successfully"}
{"asctime": "2025-04-21 00:28:24,152", "levelname": "INFO", "name": "app", "message": "SSL enabled with cert: /etc/letsencrypt/live/REPLACE_WITH_PROD_DOMAIN/fullchain.pem and key: /etc/letsencrypt/live/REPLACE_WITH_PROD_DOMAIN/privkey.pem"}
{"asctime": "2025-04-21 00:28:24,578", "levelname": "INFO", "name": "app", "message": "Database tables created successfully"}
{"asctime": "2025-04-21 00:28:24,579", "levelname": "INFO", "name": "app", "message": "SSL enabled with cert: /etc/letsencrypt/live/REPLACE_WITH_PROD_DOMAIN/fullchain.pem and key: /etc/letsencrypt/live/REPLACE_WITH_PROD_DOMAIN/privkey.pem"}
{"asctime": "2025-04-21 00:29:06,720", "levelname": "INFO", "name": "app", "message": "Database tables created successfully"}
{"asctime": "2025-04-21 00:29:06,721", "levelname": "INFO", "name": "app", "message": "SSL enabled with cert: /etc/letsencrypt/live/REPLACE_WITH_PROD_DOMAIN/fullchain.pem and key: /etc/letsencrypt/live/REPLACE_WITH_PROD_DOMAIN/privkey.pem"}
{"asctime": "2025-04-21 00:29:14,290", "levelname": "INFO", "name": "app", "message": "Database tables created successfully"}
{"asctime": "2025-04-21 00:29:14,290", "levelname": "INFO", "name": "app", "message": "SSL enabled with cert: /etc/letsencrypt/live/REPLACE_WITH_PROD_DOMAIN/fullchain.pem and key: /etc/letsencrypt/live/REPLACE_WITH_PROD_DOMAIN/privkey.pem"}
{"asctime": "2025-04-21 00:29:20,418", "levelname": "INFO", "name": "app", "message": "Database tables created successfully"}
{"asctime": "2025-04-21 00:29:20,419", "levelname": "INFO", "name": "app", "message": "SSL enabled with cert: /etc/letsencrypt/live/REPLACE_WITH_PROD_DOMAIN/fullchain.pem and key: /etc/letsencrypt/live/REPLACE_WITH_PROD_DOMAIN/privkey.pem"}
{"asctime": "2025-04-21 00:29:35,205", "levelname": "INFO", "name": "app", "message": "Database tables created successfully"}
{"asctime": "2025-04-21 00:29:35,205", "levelname": "INFO", "name": "app", "message": "SSL enabled with cert: /etc/letsencrypt/live/REPLACE_WITH_PROD_DOMAIN/fullchain.pem and key: /etc/letsencrypt/live/REPLACE_WITH_PROD_DOMAIN/privkey.pem"}
{"asctime": "2025-04-21 00:29:55,130", "levelname": "ERROR", "name": "WebApp.app", "message": "Unhandled exception: This is a test error to verify Sentry is working!\nPath: /test-sentry\nMethod: GET\nIP: 127.0.0.1\nUser Agent: Mozilla/5.0 (Macintosh; Intel Mac OS X 10_15_7) AppleWebKit/605.1.15 (KHTML, like Gecko) Version/18.1 Safari/605.1.15\nUser: admin", "exc_info": "Traceback (most recent call last):\n  File \"/Users/hassan/Autograph/venv/lib/python3.11/site-packages/flask/app.py\", line 1513, in full_dispatch_request\n    rv = self.dispatch_request()\n         ^^^^^^^^^^^^^^^^^^^^^^^\n  File \"/Users/hassan/Autograph/venv/lib/python3.11/site-packages/flask/app.py\", line 1499, in dispatch_request\n    return self.ensure_sync(self.view_functions[rule.endpoint])(**req.view_args)\n           ^^^^^^^^^^^^^^^^^^^^^^^^^^^^^^^^^^^^^^^^^^^^^^^^^^^^^^^^^^^^^^^^^^^^^\n  File \"/Users/hassan/Autograph/WebApp/monitoring.py\", line 156, in decorated_function\n    result = f(*args, **kwargs)\n             ^^^^^^^^^^^^^^^^^^\n  File \"/Users/hassan/Autograph/WebApp/routes.py\", line 574, in test_sentry\n    raise Exception(\"This is a test error to verify Sentry is working!\")\nException: This is a test error to verify Sentry is working!"}
{"asctime": "2025-04-21 00:31:25,768", "levelname": "INFO", "name": "app", "message": "Database tables created successfully"}
{"asctime": "2025-04-21 00:37:13,709", "levelname": "INFO", "name": "app", "message": "Database tables created successfully"}
{"asctime": "2025-04-21 00:37:13,710", "levelname": "INFO", "name": "app", "message": "SSL enabled with cert: /Users/hassan/Autograph/WebApp/certs/cert.pem and key: /Users/hassan/Autograph/WebApp/certs/key.pem"}
{"asctime": "2025-04-21 00:37:14,128", "levelname": "INFO", "name": "app", "message": "Database tables created successfully"}
{"asctime": "2025-04-21 00:37:14,128", "levelname": "INFO", "name": "app", "message": "SSL enabled with cert: /Users/hassan/Autograph/WebApp/certs/cert.pem and key: /Users/hassan/Autograph/WebApp/certs/key.pem"}
{"asctime": "2025-04-21 00:37:25,566", "levelname": "WARNING", "name": "app", "message": "Page not found: /favicon.ico - IP: 127.0.0.1 - User Agent: Mozilla/5.0 (Macintosh; Intel Mac OS X 10_15_7) AppleWebKit/605.1.15 (KHTML, like Gecko) Version/18.1 Safari/605.1.15"}
{"asctime": "2025-04-21 00:47:49,609", "levelname": "INFO", "name": "app", "message": "Database tables created successfully"}
{"asctime": "2025-04-21 00:47:49,610", "levelname": "INFO", "name": "app", "message": "SSL enabled with cert: /Users/hassan/Autograph/WebApp/certs/cert.pem and key: /Users/hassan/Autograph/WebApp/certs/key.pem"}
{"asctime": "2025-04-21 00:47:50,036", "levelname": "INFO", "name": "app", "message": "Database tables created successfully"}
{"asctime": "2025-04-21 00:47:50,036", "levelname": "INFO", "name": "app", "message": "SSL enabled with cert: /Users/hassan/Autograph/WebApp/certs/cert.pem and key: /Users/hassan/Autograph/WebApp/certs/key.pem"}
{"asctime": "2025-04-21 00:56:39,570", "levelname": "INFO", "name": "app", "message": "Database tables created successfully"}
{"asctime": "2025-04-21 00:56:39,570", "levelname": "INFO", "name": "app", "message": "SSL enabled with cert: /Users/hassan/Autograph/WebApp/certs/cert.pem and key: /Users/hassan/Autograph/WebApp/certs/key.pem"}
{"asctime": "2025-04-21 01:01:13,362", "levelname": "INFO", "name": "app", "message": "Database tables created successfully"}
{"asctime": "2025-04-21 01:01:13,362", "levelname": "INFO", "name": "app", "message": "SSL enabled with cert: /Users/hassan/Autograph/WebApp/certs/cert.pem and key: /Users/hassan/Autograph/WebApp/certs/key.pem"}
{"asctime": "2025-04-21 01:03:14,723", "levelname": "INFO", "name": "app", "message": "Database tables created successfully"}
{"asctime": "2025-04-21 01:03:14,724", "levelname": "INFO", "name": "app", "message": "SSL enabled with cert: /Users/hassan/Autograph/WebApp/certs/cert.pem and key: /Users/hassan/Autograph/WebApp/certs/key.pem"}
{"asctime": "2025-04-21 01:05:41,736", "levelname": "INFO", "name": "app", "message": "Database tables created successfully"}
{"asctime": "2025-04-21 01:05:41,736", "levelname": "INFO", "name": "app", "message": "SSL enabled with cert: /Users/hassan/Autograph/WebApp/certs/cert.pem and key: /Users/hassan/Autograph/WebApp/certs/key.pem"}
{"asctime": "2025-04-21 01:05:42,149", "levelname": "INFO", "name": "app", "message": "Database tables created successfully"}
{"asctime": "2025-04-21 01:05:42,149", "levelname": "INFO", "name": "app", "message": "SSL enabled with cert: /Users/hassan/Autograph/WebApp/certs/cert.pem and key: /Users/hassan/Autograph/WebApp/certs/key.pem"}
{"asctime": "2025-04-21 01:06:02,758", "levelname": "WARNING", "name": "app", "message": "Page not found: /favicon.ico - IP: 127.0.0.1 - User Agent: Mozilla/5.0 (Macintosh; Intel Mac OS X 10_15_7) AppleWebKit/605.1.15 (KHTML, like Gecko) Version/18.1 Safari/605.1.15"}
{"asctime": "2025-04-21 01:06:25,704", "levelname": "INFO", "name": "app", "message": "Database tables created successfully"}
{"asctime": "2025-04-21 01:06:25,705", "levelname": "INFO", "name": "app", "message": "SSL enabled with cert: /Users/hassan/Autograph/WebApp/certs/cert.pem and key: /Users/hassan/Autograph/WebApp/certs/key.pem"}
{"asctime": "2025-04-21 01:06:26,126", "levelname": "INFO", "name": "app", "message": "Database tables created successfully"}
{"asctime": "2025-04-21 01:06:26,127", "levelname": "INFO", "name": "app", "message": "SSL enabled with cert: /Users/hassan/Autograph/WebApp/certs/cert.pem and key: /Users/hassan/Autograph/WebApp/certs/key.pem"}
{"asctime": "2025-04-21 01:15:12,387", "levelname": "ERROR", "name": "app", "message": "Unhandled exception: Could not locate column in row for column 'is_active'\nPath: /login\nMethod: POST\nIP: 127.0.0.1\nUser Agent: Mozilla/5.0 (Macintosh; Intel Mac OS X 10_15_7) AppleWebKit/605.1.15 (KHTML, like Gecko) Version/18.1 Safari/605.1.15\nUser: Anonymous", "exc_info": "Traceback (most recent call last):\n  File \"/Users/hassan/Autograph/venv/lib/python3.11/site-packages/flask/app.py\", line 1513, in full_dispatch_request\n    rv = self.dispatch_request()\n         ^^^^^^^^^^^^^^^^^^^^^^^\n  File \"/Users/hassan/Autograph/venv/lib/python3.11/site-packages/flask/app.py\", line 1499, in dispatch_request\n    return self.ensure_sync(self.view_functions[rule.endpoint])(**req.view_args)\n           ^^^^^^^^^^^^^^^^^^^^^^^^^^^^^^^^^^^^^^^^^^^^^^^^^^^^^^^^^^^^^^^^^^^^^\n  File \"/Users/hassan/Autograph/venv/lib/python3.11/site-packages/flask_limiter/extension.py\", line 1117, in __inner\n    R, flask.current_app.ensure_sync(cast(Callable[P, R], obj))(*a, **k)\n       ^^^^^^^^^^^^^^^^^^^^^^^^^^^^^^^^^^^^^^^^^^^^^^^^^^^^^^^^^^^^^^^^^\n  File \"/Users/hassan/Autograph/WebApp/routes.py\", line 133, in login\n    login_user(user, remember=True)\n  File \"/Users/hassan/Autograph/venv/lib/python3.11/site-packages/flask_login/utils.py\", line 166, in login_user\n    if not force and not user.is_active:\n                         ^^^^^^^^^^^^^^\nAttributeError: Could not locate column in row for column 'is_active'"}
{"asctime": "2025-04-21 01:15:19,689", "levelname": "ERROR", "name": "app", "message": "Unhandled exception: Could not locate column in row for column 'is_active'\nPath: /login\nMethod: POST\nIP: 127.0.0.1\nUser Agent: Mozilla/5.0 (Macintosh; Intel Mac OS X 10_15_7) AppleWebKit/605.1.15 (KHTML, like Gecko) Version/18.1 Safari/605.1.15\nUser: Anonymous", "exc_info": "Traceback (most recent call last):\n  File \"/Users/hassan/Autograph/venv/lib/python3.11/site-packages/flask/app.py\", line 1513, in full_dispatch_request\n    rv = self.dispatch_request()\n         ^^^^^^^^^^^^^^^^^^^^^^^\n  File \"/Users/hassan/Autograph/venv/lib/python3.11/site-packages/flask/app.py\", line 1499, in dispatch_request\n    return self.ensure_sync(self.view_functions[rule.endpoint])(**req.view_args)\n           ^^^^^^^^^^^^^^^^^^^^^^^^^^^^^^^^^^^^^^^^^^^^^^^^^^^^^^^^^^^^^^^^^^^^^\n  File \"/Users/hassan/Autograph/venv/lib/python3.11/site-packages/flask_limiter/extension.py\", line 1117, in __inner\n    R, flask.current_app.ensure_sync(cast(Callable[P, R], obj))(*a, **k)\n       ^^^^^^^^^^^^^^^^^^^^^^^^^^^^^^^^^^^^^^^^^^^^^^^^^^^^^^^^^^^^^^^^^\n  File \"/Users/hassan/Autograph/WebApp/routes.py\", line 133, in login\n    login_user(user, remember=True)\n  File \"/Users/hassan/Autograph/venv/lib/python3.11/site-packages/flask_login/utils.py\", line 166, in login_user\n    if not force and not user.is_active:\n                         ^^^^^^^^^^^^^^\nAttributeError: Could not locate column in row for column 'is_active'"}
{"asctime": "2025-04-21 01:15:34,406", "levelname": "WARNING", "name": "app", "message": "Rate limit exceeded: /login - IP: 127.0.0.1 - User: Anonymous"}
{"asctime": "2025-04-21 01:16:42,215", "levelname": "INFO", "name": "app", "message": "Database tables created successfully"}
{"asctime": "2025-04-21 01:16:42,215", "levelname": "INFO", "name": "app", "message": "SSL enabled with cert: /Users/hassan/Autograph/WebApp/certs/cert.pem and key: /Users/hassan/Autograph/WebApp/certs/key.pem"}
{"asctime": "2025-04-21 01:16:42,451", "levelname": "INFO", "name": "app", "message": "Database tables created successfully"}
{"asctime": "2025-04-21 01:16:42,451", "levelname": "INFO", "name": "app", "message": "SSL enabled with cert: /Users/hassan/Autograph/WebApp/certs/cert.pem and key: /Users/hassan/Autograph/WebApp/certs/key.pem"}
{"asctime": "2025-04-21 01:16:43,415", "levelname": "INFO", "name": "app", "message": "Database tables created successfully"}
{"asctime": "2025-04-21 01:16:43,416", "levelname": "INFO", "name": "app", "message": "SSL enabled with cert: /Users/hassan/Autograph/WebApp/certs/cert.pem and key: /Users/hassan/Autograph/WebApp/certs/key.pem"}
{"asctime": "2025-04-21 01:16:44,000", "levelname": "INFO", "name": "app", "message": "Database tables created successfully"}
{"asctime": "2025-04-21 01:16:44,001", "levelname": "INFO", "name": "app", "message": "SSL enabled with cert: /Users/hassan/Autograph/WebApp/certs/cert.pem and key: /Users/hassan/Autograph/WebApp/certs/key.pem"}
{"asctime": "2025-04-21 01:16:51,957", "levelname": "INFO", "name": "app", "message": "Database tables created successfully"}
{"asctime": "2025-04-21 01:16:51,957", "levelname": "INFO", "name": "app", "message": "SSL enabled with cert: /Users/hassan/Autograph/WebApp/certs/cert.pem and key: /Users/hassan/Autograph/WebApp/certs/key.pem"}
{"asctime": "2025-04-21 01:16:52,379", "levelname": "INFO", "name": "app", "message": "Database tables created successfully"}
{"asctime": "2025-04-21 01:16:52,379", "levelname": "INFO", "name": "app", "message": "SSL enabled with cert: /Users/hassan/Autograph/WebApp/certs/cert.pem and key: /Users/hassan/Autograph/WebApp/certs/key.pem"}
{"asctime": "2025-04-21 01:17:00,171", "levelname": "ERROR", "name": "app", "message": "Unhandled exception: Could not locate column in row for column 'is_active'\nPath: /login\nMethod: POST\nIP: 127.0.0.1\nUser Agent: Mozilla/5.0 (Macintosh; Intel Mac OS X 10_15_7) AppleWebKit/605.1.15 (KHTML, like Gecko) Version/18.1 Safari/605.1.15\nUser: Anonymous", "exc_info": "Traceback (most recent call last):\n  File \"/Users/hassan/Autograph/venv/lib/python3.11/site-packages/flask/app.py\", line 1513, in full_dispatch_request\n    rv = self.dispatch_request()\n         ^^^^^^^^^^^^^^^^^^^^^^^\n  File \"/Users/hassan/Autograph/venv/lib/python3.11/site-packages/flask/app.py\", line 1499, in dispatch_request\n    return self.ensure_sync(self.view_functions[rule.endpoint])(**req.view_args)\n           ^^^^^^^^^^^^^^^^^^^^^^^^^^^^^^^^^^^^^^^^^^^^^^^^^^^^^^^^^^^^^^^^^^^^^\n  File \"/Users/hassan/Autograph/venv/lib/python3.11/site-packages/flask_limiter/extension.py\", line 1117, in __inner\n    R, flask.current_app.ensure_sync(cast(Callable[P, R], obj))(*a, **k)\n       ^^^^^^^^^^^^^^^^^^^^^^^^^^^^^^^^^^^^^^^^^^^^^^^^^^^^^^^^^^^^^^^^^\n  File \"/Users/hassan/Autograph/WebApp/routes.py\", line 133, in login\n    login_user(user, remember=True)\n  File \"/Users/hassan/Autograph/venv/lib/python3.11/site-packages/flask_login/utils.py\", line 166, in login_user\n    if not force and not user.is_active:\n                         ^^^^^^^^^^^^^^\nAttributeError: Could not locate column in row for column 'is_active'"}
{"asctime": "2025-04-21 01:17:32,751", "levelname": "INFO", "name": "app", "message": "Database tables created successfully"}
{"asctime": "2025-04-21 01:17:32,751", "levelname": "INFO", "name": "app", "message": "Database tables created successfully"}
{"asctime": "2025-04-21 01:17:32,752", "levelname": "INFO", "name": "app", "message": "SSL enabled with cert: /Users/hassan/Autograph/WebApp/certs/cert.pem and key: /Users/hassan/Autograph/WebApp/certs/key.pem"}
{"asctime": "2025-04-21 01:17:32,752", "levelname": "INFO", "name": "app", "message": "SSL enabled with cert: /Users/hassan/Autograph/WebApp/certs/cert.pem and key: /Users/hassan/Autograph/WebApp/certs/key.pem"}
{"asctime": "2025-04-21 01:17:38,683", "levelname": "INFO", "name": "app", "message": "Database tables created successfully"}
{"asctime": "2025-04-21 01:17:38,683", "levelname": "INFO", "name": "app", "message": "SSL enabled with cert: /Users/hassan/Autograph/WebApp/certs/cert.pem and key: /Users/hassan/Autograph/WebApp/certs/key.pem"}
{"asctime": "2025-04-21 01:17:41,037", "levelname": "INFO", "name": "app", "message": "Database tables created successfully"}
{"asctime": "2025-04-21 01:17:41,037", "levelname": "INFO", "name": "app", "message": "SSL enabled with cert: /Users/hassan/Autograph/WebApp/certs/cert.pem and key: /Users/hassan/Autograph/WebApp/certs/key.pem"}
{"asctime": "2025-04-21 01:17:41,445", "levelname": "INFO", "name": "app", "message": "Database tables created successfully"}
{"asctime": "2025-04-21 01:17:41,446", "levelname": "INFO", "name": "app", "message": "SSL enabled with cert: /Users/hassan/Autograph/WebApp/certs/cert.pem and key: /Users/hassan/Autograph/WebApp/certs/key.pem"}
{"asctime": "2025-04-21 01:17:54,181", "levelname": "ERROR", "name": "app", "message": "Unhandled exception: Could not locate column in row for column 'is_active'\nPath: /login\nMethod: POST\nIP: 127.0.0.1\nUser Agent: Mozilla/5.0 (Macintosh; Intel Mac OS X 10_15_7) AppleWebKit/605.1.15 (KHTML, like Gecko) Version/18.1 Safari/605.1.15\nUser: Anonymous", "exc_info": "Traceback (most recent call last):\n  File \"/Users/hassan/Autograph/venv/lib/python3.11/site-packages/flask/app.py\", line 1513, in full_dispatch_request\n    rv = self.dispatch_request()\n         ^^^^^^^^^^^^^^^^^^^^^^^\n  File \"/Users/hassan/Autograph/venv/lib/python3.11/site-packages/flask/app.py\", line 1499, in dispatch_request\n    return self.ensure_sync(self.view_functions[rule.endpoint])(**req.view_args)\n           ^^^^^^^^^^^^^^^^^^^^^^^^^^^^^^^^^^^^^^^^^^^^^^^^^^^^^^^^^^^^^^^^^^^^^\n  File \"/Users/hassan/Autograph/venv/lib/python3.11/site-packages/flask_limiter/extension.py\", line 1117, in __inner\n    R, flask.current_app.ensure_sync(cast(Callable[P, R], obj))(*a, **k)\n       ^^^^^^^^^^^^^^^^^^^^^^^^^^^^^^^^^^^^^^^^^^^^^^^^^^^^^^^^^^^^^^^^^\n  File \"/Users/hassan/Autograph/WebApp/routes.py\", line 133, in login\n    login_user(user, remember=True)\n  File \"/Users/hassan/Autograph/venv/lib/python3.11/site-packages/flask_login/utils.py\", line 166, in login_user\n    if not force and not user.is_active:\n                         ^^^^^^^^^^^^^^\nAttributeError: Could not locate column in row for column 'is_active'"}
{"asctime": "2025-04-21 01:18:02,182", "levelname": "ERROR", "name": "app", "message": "Unhandled exception: Could not locate column in row for column 'is_active'\nPath: /login\nMethod: POST\nIP: 127.0.0.1\nUser Agent: Mozilla/5.0 (Macintosh; Intel Mac OS X 10_15_7) AppleWebKit/605.1.15 (KHTML, like Gecko) Version/18.1 Safari/605.1.15\nUser: Anonymous", "exc_info": "Traceback (most recent call last):\n  File \"/Users/hassan/Autograph/venv/lib/python3.11/site-packages/flask/app.py\", line 1513, in full_dispatch_request\n    rv = self.dispatch_request()\n         ^^^^^^^^^^^^^^^^^^^^^^^\n  File \"/Users/hassan/Autograph/venv/lib/python3.11/site-packages/flask/app.py\", line 1499, in dispatch_request\n    return self.ensure_sync(self.view_functions[rule.endpoint])(**req.view_args)\n           ^^^^^^^^^^^^^^^^^^^^^^^^^^^^^^^^^^^^^^^^^^^^^^^^^^^^^^^^^^^^^^^^^^^^^\n  File \"/Users/hassan/Autograph/venv/lib/python3.11/site-packages/flask_limiter/extension.py\", line 1117, in __inner\n    R, flask.current_app.ensure_sync(cast(Callable[P, R], obj))(*a, **k)\n       ^^^^^^^^^^^^^^^^^^^^^^^^^^^^^^^^^^^^^^^^^^^^^^^^^^^^^^^^^^^^^^^^^\n  File \"/Users/hassan/Autograph/WebApp/routes.py\", line 133, in login\n    login_user(user, remember=True)\n  File \"/Users/hassan/Autograph/venv/lib/python3.11/site-packages/flask_login/utils.py\", line 166, in login_user\n    if not force and not user.is_active:\n                         ^^^^^^^^^^^^^^\nAttributeError: Could not locate column in row for column 'is_active'"}
{"asctime": "2025-04-21 01:18:23,964", "levelname": "ERROR", "name": "app", "message": "Unhandled exception: Could not locate column in row for column 'is_active'\nPath: /login\nMethod: POST\nIP: 127.0.0.1\nUser Agent: Mozilla/5.0 (Macintosh; Intel Mac OS X 10_15_7) AppleWebKit/605.1.15 (KHTML, like Gecko) Version/18.1 Safari/605.1.15\nUser: Anonymous", "exc_info": "Traceback (most recent call last):\n  File \"/Users/hassan/Autograph/venv/lib/python3.11/site-packages/flask/app.py\", line 1513, in full_dispatch_request\n    rv = self.dispatch_request()\n         ^^^^^^^^^^^^^^^^^^^^^^^\n  File \"/Users/hassan/Autograph/venv/lib/python3.11/site-packages/flask/app.py\", line 1499, in dispatch_request\n    return self.ensure_sync(self.view_functions[rule.endpoint])(**req.view_args)\n           ^^^^^^^^^^^^^^^^^^^^^^^^^^^^^^^^^^^^^^^^^^^^^^^^^^^^^^^^^^^^^^^^^^^^^\n  File \"/Users/hassan/Autograph/venv/lib/python3.11/site-packages/flask_limiter/extension.py\", line 1117, in __inner\n    R, flask.current_app.ensure_sync(cast(Callable[P, R], obj))(*a, **k)\n       ^^^^^^^^^^^^^^^^^^^^^^^^^^^^^^^^^^^^^^^^^^^^^^^^^^^^^^^^^^^^^^^^^\n  File \"/Users/hassan/Autograph/WebApp/routes.py\", line 133, in login\n    login_user(user, remember=True)\n  File \"/Users/hassan/Autograph/venv/lib/python3.11/site-packages/flask_login/utils.py\", line 166, in login_user\n    if not force and not user.is_active:\n                         ^^^^^^^^^^^^^^\nAttributeError: Could not locate column in row for column 'is_active'"}
{"asctime": "2025-04-21 01:18:47,880", "levelname": "INFO", "name": "app", "message": "Database tables created successfully"}
{"asctime": "2025-04-21 01:18:47,881", "levelname": "INFO", "name": "app", "message": "SSL enabled with cert: /Users/hassan/Autograph/WebApp/certs/cert.pem and key: /Users/hassan/Autograph/WebApp/certs/key.pem"}
{"asctime": "2025-04-21 01:18:47,883", "levelname": "INFO", "name": "app", "message": "Database tables created successfully"}
{"asctime": "2025-04-21 01:18:47,883", "levelname": "INFO", "name": "app", "message": "SSL enabled with cert: /Users/hassan/Autograph/WebApp/certs/cert.pem and key: /Users/hassan/Autograph/WebApp/certs/key.pem"}
{"asctime": "2025-04-21 01:18:49,557", "levelname": "INFO", "name": "app", "message": "Database tables created successfully"}
{"asctime": "2025-04-21 01:18:49,557", "levelname": "INFO", "name": "app", "message": "Database tables created successfully"}
{"asctime": "2025-04-21 01:18:49,557", "levelname": "INFO", "name": "app", "message": "SSL enabled with cert: /Users/hassan/Autograph/WebApp/certs/cert.pem and key: /Users/hassan/Autograph/WebApp/certs/key.pem"}
{"asctime": "2025-04-21 01:18:49,557", "levelname": "INFO", "name": "app", "message": "SSL enabled with cert: /Users/hassan/Autograph/WebApp/certs/cert.pem and key: /Users/hassan/Autograph/WebApp/certs/key.pem"}
{"asctime": "2025-04-21 01:20:20,437", "levelname": "INFO", "name": "app", "message": "Database tables created successfully"}
{"asctime": "2025-04-21 01:20:20,438", "levelname": "INFO", "name": "app", "message": "SSL enabled with cert: /Users/hassan/Autograph/WebApp/certs/cert.pem and key: /Users/hassan/Autograph/WebApp/certs/key.pem"}
{"asctime": "2025-04-21 01:20:20,860", "levelname": "INFO", "name": "app", "message": "Database tables created successfully"}
{"asctime": "2025-04-21 01:20:20,860", "levelname": "INFO", "name": "app", "message": "SSL enabled with cert: /Users/hassan/Autograph/WebApp/certs/cert.pem and key: /Users/hassan/Autograph/WebApp/certs/key.pem"}
